  Threads set to 1 by Python driver.
   => Loading Basis Set <=

    Name: MYBAS
    Role: ORBITAL
    Keyword: BASIS
    atoms 1-2 entry H          line    42 file /home/matteo/miniconda3/envs/p4env/share/psi4/basis/6-311ppgss.gbs 

   => Loading Basis Set <=

    Name: MYBAS
    Role: ORBITAL
    Keyword: BASIS
    atoms 1-2 entry H          line    42 file /home/matteo/miniconda3/envs/p4env/share/psi4/basis/6-311ppgss.gbs 


Scratch directory: /tmp/
   => Libint2 <=

    Primary   basis highest AM E, G, H:  7, 7, 4
    Auxiliary basis highest AM E, G, H:  7, 7, 5
    Onebody   basis highest AM E, G, H:  7, 7, 5
    Solid Harmonics ordering:            gaussian

*** tstart() called on ubuntu
*** at Fri Aug 30 11:07:06 2024

   => Loading Basis Set <=

    Name: MYBAS
    Role: ORBITAL
    Keyword: BASIS
    atoms 1-2 entry H          line    42 file /home/matteo/miniconda3/envs/p4env/share/psi4/basis/6-311ppgss.gbs 


         ---------------------------------------------------------
                                   SCF
               by Justin Turney, Rob Parrish, Andy Simmonett
                          and Daniel G. A. Smith
                              RHF Reference
                        1 Threads,   1907 MiB Core
         ---------------------------------------------------------

  ==> Geometry <==

    Molecular point group: c1
    Full point group: D_inf_h

    Geometry (in Angstrom), charge = 0, multiplicity = 1:

       Center              X                  Y                   Z               Mass       
    ------------   -----------------  -----------------  -----------------  -----------------
         H            0.000000000000     0.000000000000    -0.367700000000     1.007825032230
         H            0.000000000000     0.000000000000     0.367700000000     1.007825032230

  Running in c1 symmetry.

  Rotational constants: A = ************  B =     61.85775  C =     61.85775 [cm^-1]
  Rotational constants: A = ************  B = 1854448.61023  C = 1854448.61023 [MHz]
  Nuclear repulsion =    0.719577387367419

  Charge       = 0
  Multiplicity = 1
  Electrons    = 2
  Nalpha       = 1
  Nbeta        = 1

  ==> Algorithm <==

  SCF Algorithm Type is DIRECT.
  DIIS enabled.
  MOM disabled.
  Fractional occupation disabled.
  Guess Type is SAD.
  Energy threshold   = 1.00e-08
  Density threshold  = 1.00e-08
  Integral threshold = 1.00e-12

  ==> Primary Basis <==

  Basis Set: MYBAS
    Blend: 6-311PPGSS
    Number of shells: 10
    Number of basis functions: 14
    Number of Cartesian functions: 14
    Spherical Harmonics?: true
    Max angular momentum: 1

  ==> Integral Setup <==

  ==> DirectJK: Integral-Direct J/K Matrices <==

    J tasked:                  Yes
    K tasked:                  Yes
    wK tasked:                  No
    Integrals threads:           1
    Screening Type:           CSAM
    Screening Cutoff:        1E-12
    Incremental Fock:           No

  Minimum eigenvalue in the overlap matrix is 6.6413080216E-03.
  Reciprocal condition number of the overlap matrix is 1.3219446328E-03.
    Using symmetric orthogonalization.

  ==> Pre-Iterations <==

  SCF Guess: Superposition of Atomic Densities via on-the-fly atomic UHF (no occupation information).

   -------------------------
    Irrep   Nso     Nmo    
   -------------------------
     A         14      14 
   -------------------------
    Total      14      14
   -------------------------

  ==> Iterations <==

                        Total Energy        Delta E     RMS |[F,P]|

   @RHF iter SAD:    -0.83543908266693   -8.35439e-01   0.00000e+00 
   @RHF iter   1:    -1.12911939312915   -2.93680e-01   3.38111e-03 DIIS/ADIIS
   @RHF iter   2:    -1.13233201074782   -3.21262e-03   7.45910e-04 DIIS/ADIIS
   @RHF iter   3:    -1.13250639769258   -1.74387e-04   6.51475e-05 DIIS
   @RHF iter   4:    -1.13250742901881   -1.03133e-06   2.52302e-06 DIIS
   @RHF iter   5:    -1.13250743064162   -1.62281e-09   2.17509e-07 DIIS
   @RHF iter   6:    -1.13250743065435   -1.27345e-11   1.97067e-08 DIIS
   @RHF iter   7:    -1.13250743065445   -9.59233e-14   2.21884e-10 DIIS
  Energy and wave function converged.


  ==> Post-Iterations <==

    Orbital Energies [Eh]
    ---------------------

    Doubly Occupied:                                                      

       1A     -0.596071  

    Virtual:                                                              

       2A      0.071472     3A      0.073157     4A      0.242287  
       5A      0.455008     6A      0.733420     7A      1.333151  
       8A      1.333151     9A      1.882022    10A      2.102000  
      11A      2.102000    12A      2.297408    13A      2.818270  
      14A      3.712652  

    Final Occupation by Irrep:
              A 
    DOCC [     1 ]
    NA   [     1 ]
    NB   [     1 ]

  @RHF Final Energy:    -1.13250743065445

   => Energetics <=

    Nuclear Repulsion Energy =              0.7195773873674191
    One-Electron Energy =                  -2.5120267580475644
    Two-Electron Energy =                   0.6599419400256984
    Total Energy =                         -1.1325074306544467

Computation Completed


Properties will be evaluated at   0.000000,   0.000000,   0.000000 [a0]

Properties computed using the SCF density matrix


 Multipole Moments:

 ------------------------------------------------------------------------------------
     Multipole            Electronic (a.u.)      Nuclear  (a.u.)        Total (a.u.)
 ------------------------------------------------------------------------------------

 L = 1.  Multiply by 2.5417464519 to convert [e a0] to [Debye]
 Dipole X            :          0.0000000            0.0000000            0.0000000
 Dipole Y            :         -0.0000000            0.0000000           -0.0000000
 Dipole Z            :         -0.0000000            0.0000000           -0.0000000
 Magnitude           :                                                    0.0000000

 ------------------------------------------------------------------------------------

*** tstop() called on ubuntu at Fri Aug 30 11:07:06 2024
Module time:
	user time   =       0.19 seconds =       0.00 minutes
	system time =       0.02 seconds =       0.00 minutes
	total time  =          0 seconds =       0.00 minutes
Total time:
	user time   =       0.19 seconds =       0.00 minutes
	system time =       0.02 seconds =       0.00 minutes
	total time  =          0 seconds =       0.00 minutes
